<?xml version='1.0' encoding='UTF-8'?>
<testsuite hostname="freebsd" name="ca.wbac.Chapter3Spec" tests="2" errors="0" failures="0" skipped="0" time="0.024" timestamp="2019-02-20T17:37:58">
                     <properties>
      <property name="jline.esc.timeout" value="0"/><property name="jna.platform.library.path" value="/usr/lib:/lib"/><property name="java.runtime.name" value="OpenJDK Runtime Environment"/><property name="sun.boot.library.path" value="/usr/local/openjdk8/jre/lib/amd64"/><property name="java.vm.version" value="25.192-b26"/><property name="jline.terminal" value="none"/><property name="java.vm.vendor" value="Oracle Corporation"/><property name="java.vendor.url" value="http://java.oracle.com/"/><property name="path.separator" value=":"/><property name="jna.loaded" value="true"/><property name="java.vm.name" value="OpenJDK 64-Bit Server VM"/><property name="file.encoding.pkg" value="sun.io"/><property name="user.country" value="US"/><property name="sun.java.launcher" value="SUN_STANDARD"/><property name="sun.os.patch.level" value="unknown"/><property name="jna.nosys" value="true"/><property name="java.vm.specification.name" value="Java Virtual Machine Specification"/><property name="user.dir" value="/home/vagrant/IdeaProjects/scala-course"/><property name="java.runtime.version" value="1.8.0_192-b26"/><property name="java.awt.graphicsenv" value="sun.awt.X11GraphicsEnvironment"/><property name="java.endorsed.dirs" value="/usr/local/openjdk8/jre/lib/endorsed"/><property name="os.arch" value="amd64"/><property name="java.io.tmpdir" value="/tmp/"/><property name="line.separator" value="
"/><property name="java.vm.specification.vendor" value="Oracle Corporation"/><property name="os.name" value="FreeBSD"/><property name="sbt.log.noformat" value="true"/><property name="sun.jnu.encoding" value="US-ASCII"/><property name="jnidispatch.path" value="/tmp/jna-226895185/jna2442751100056052437.tmp"/><property name="java.library.path" value="/usr/local/lib"/><property name="java.specification.name" value="Java Platform API Specification"/><property name="java.class.version" value="52.0"/><property name="sun.management.compiler" value="HotSpot 64-Bit Tiered Compilers"/><property name="os.version" value="11.2-RELEASE-p4"/><property name="user.home" value="/home/vagrant"/><property name="user.timezone" value="America/Toronto"/><property name="java.awt.printerjob" value="sun.print.PSPrinterJob"/><property name="file.encoding" value="US-ASCII"/><property name="java.specification.version" value="1.8"/><property name="java.class.path" value="/home/vagrant/.IntelliJIdea2018.3/system/sbt/sbt-launch.jar"/><property name="user.name" value="vagrant"/><property name="jline.shutdownhook" value="false"/><property name="java.vm.specification.version" value="1.8"/><property name="sun.java.command" value="/home/vagrant/.IntelliJIdea2018.3/system/sbt/sbt-launch.jar"/><property name="java.home" value="/usr/local/openjdk8/jre"/><property name="sun.arch.data.model" value="64"/><property name="user.language" value="en"/><property name="java.specification.vendor" value="Oracle Corporation"/><property name="awt.toolkit" value="sun.awt.X11.XToolkit"/><property name="java.vm.info" value="mixed mode"/><property name="java.version" value="1.8.0_192"/><property name="java.ext.dirs" value="/usr/local/openjdk8/jre/lib/ext:/usr/java/packages/lib/ext"/><property name="sun.boot.class.path" value="/usr/local/openjdk8/jre/lib/resources.jar:/usr/local/openjdk8/jre/lib/rt.jar:/usr/local/openjdk8/jre/lib/sunrsasign.jar:/usr/local/openjdk8/jre/lib/jsse.jar:/usr/local/openjdk8/jre/lib/jce.jar:/usr/local/openjdk8/jre/lib/charsets.jar:/usr/local/openjdk8/jre/lib/jfr.jar:/usr/local/openjdk8/jre/classes"/><property name="java.vendor" value="Oracle Corporation"/><property name="file.separator" value="/"/><property name="java.vendor.url.bug" value="http://bugreport.sun.com/bugreport/"/><property name="sun.io.unicode.encoding" value="UnicodeBig"/><property name="sun.cpu.endian" value="little"/><property name="sun.cpu.isalist" value=""/>
    </properties>
                     <testcase classname="ca.wbac.Chapter3Spec" name="24: should return true for sub-lists within super lists" time="0.022">
                                                 
                                               </testcase><testcase classname="ca.wbac.Chapter3Spec" name="25: should count the nodes in a tree" time="0.002">
                                                 
                                               </testcase>
                     <system-out><![CDATA[]]></system-out>
                     <system-err><![CDATA[]]></system-err>
                   </testsuite>